<?xml version="1.0" encoding="UTF-8"?>
<testng-results skipped="0" failed="0" ignored="0" total="1" passed="1">
  <reporter-output>
  </reporter-output>
  <suite name="Default suite" duration-ms="51208" started-at="2019-09-18T13:06:48 IST" finished-at="2019-09-18T13:07:39 IST">
    <groups>
    </groups>
    <test name="Default test" duration-ms="51208" started-at="2019-09-18T13:06:48 IST" finished-at="2019-09-18T13:07:39 IST">
      <class name="com.training.sanity.tests.RTC043Addpropertytest">
        <test-method status="PASS" signature="setUpBeforeClass()[pri:0, instance:com.training.sanity.tests.RTC043Addpropertytest@6321e813]" name="setUpBeforeClass" is-config="true" duration-ms="47" started-at="2019-09-18T13:06:48 IST" finished-at="2019-09-18T13:06:48 IST">
          <reporter-output>
          </reporter-output>
        </test-method> <!-- setUpBeforeClass -->
        <test-method status="PASS" signature="setUp()[pri:0, instance:com.training.sanity.tests.RTC043Addpropertytest@6321e813]" name="setUp" is-config="true" duration-ms="31665" started-at="2019-09-18T13:06:48 IST" finished-at="2019-09-18T13:07:19 IST">
          <reporter-output>
          </reporter-output>
        </test-method> <!-- setUp -->
        <test-method status="PASS" signature="addPostvalidateTest()[pri:0, instance:com.training.sanity.tests.RTC043Addpropertytest@6321e813]" name="addPostvalidateTest" duration-ms="19372" started-at="2019-09-18T13:07:19 IST" finished-at="2019-09-18T13:07:39 IST">
          <reporter-output>
          </reporter-output>
        </test-method> <!-- addPostvalidateTest -->
      </class> <!-- com.training.sanity.tests.RTC043Addpropertytest -->
    </test> <!-- Default test -->
  </suite> <!-- Default suite -->
</testng-results>
